{"uuid":"77189f4d-2f27-45b8-aa28-b742b3ddedbf","name":"org.selenium.pom.base.BaseTest.quitDriver","children":["812654f1-8e70-4118-bfa8-6a85265aecc6"],"description":"","befores":[],"afters":[{"name":"quitDriver","status":"broken","statusDetails":{"known":false,"muted":false,"flaky":false,"message":"Timed out waiting for driver server to stop.\nBuild info: version: '4.1.1', revision: 'e8fcc2cecf'\nSystem info: host: 'DESKTOP-GUB8OI3', ip: '192.168.1.139', os.name: 'Windows 10', os.arch: 'amd64', os.version: '10.0', java.version: '17.0.1'\nDriver info: org.openqa.selenium.chrome.ChromeDriver\nCommand: [94623613536bed85672032467e87b060, quit {}]\nCapabilities {acceptInsecureCerts: false, browserName: chrome, browserVersion: 99.0.4844.51, chrome: {chromedriverVersion: 99.0.4844.51 (d537ec02474b5..., userDataDir: C:\\Users\\Acer\\AppData\\Local...}, goog:chromeOptions: {debuggerAddress: localhost:58422}, javascriptEnabled: true, networkConnectionEnabled: false, pageLoadStrategy: normal, platform: WINDOWS, platformName: WINDOWS, proxy: Proxy(), se:cdp: ws://localhost:58422/devtoo..., se:cdpVersion: 99.0.4844.51, setWindowRect: true, strictFileInteractability: false, timeouts: {implicit: 0, pageLoad: 300000, script: 30000}, unhandledPromptBehavior: dismiss and notify, webauthn:extension:credBlob: true, webauthn:extension:largeBlob: true, webauthn:virtualAuthenticators: true}\nSession ID: 94623613536bed85672032467e87b060","trace":"org.openqa.selenium.WebDriverException: Timed out waiting for driver server to stop.\nBuild info: version: '4.1.1', revision: 'e8fcc2cecf'\nSystem info: host: 'DESKTOP-GUB8OI3', ip: '192.168.1.139', os.name: 'Windows 10', os.arch: 'amd64', os.version: '10.0', java.version: '17.0.1'\nDriver info: org.openqa.selenium.chrome.ChromeDriver\nCommand: [94623613536bed85672032467e87b060, quit {}]\nCapabilities {acceptInsecureCerts: false, browserName: chrome, browserVersion: 99.0.4844.51, chrome: {chromedriverVersion: 99.0.4844.51 (d537ec02474b5..., userDataDir: C:\\Users\\Acer\\AppData\\Local...}, goog:chromeOptions: {debuggerAddress: localhost:58422}, javascriptEnabled: true, networkConnectionEnabled: false, pageLoadStrategy: normal, platform: WINDOWS, platformName: WINDOWS, proxy: Proxy(), se:cdp: ws://localhost:58422/devtoo..., se:cdpVersion: 99.0.4844.51, setWindowRect: true, strictFileInteractability: false, timeouts: {implicit: 0, pageLoad: 300000, script: 30000}, unhandledPromptBehavior: dismiss and notify, webauthn:extension:credBlob: true, webauthn:extension:largeBlob: true, webauthn:virtualAuthenticators: true}\nSession ID: 94623613536bed85672032467e87b060\r\n\tat org.openqa.selenium.remote.service.DriverCommandExecutor.execute(DriverCommandExecutor.java:132)\r\n\tat org.openqa.selenium.remote.RemoteWebDriver.execute(RemoteWebDriver.java:543)\r\n\tat org.openqa.selenium.remote.RemoteWebDriver.execute(RemoteWebDriver.java:598)\r\n\tat org.openqa.selenium.remote.RemoteWebDriver.execute(RemoteWebDriver.java:602)\r\n\tat org.openqa.selenium.remote.RemoteWebDriver.quit(RemoteWebDriver.java:439)\r\n\tat org.openqa.selenium.chromium.ChromiumDriver.quit(ChromiumDriver.java:287)\r\n\tat org.selenium.pom.base.BaseTest.quitDriver(BaseTest.java:84)\r\n\tat java.base/jdk.internal.reflect.NativeMethodAccessorImpl.invoke0(Native Method)\r\n\tat java.base/jdk.internal.reflect.NativeMethodAccessorImpl.invoke(NativeMethodAccessorImpl.java:77)\r\n\tat java.base/jdk.internal.reflect.DelegatingMethodAccessorImpl.invoke(DelegatingMethodAccessorImpl.java:43)\r\n\tat java.base/java.lang.reflect.Method.invoke(Method.java:568)\r\n\tat org.testng.internal.MethodInvocationHelper.invokeMethod(MethodInvocationHelper.java:132)\r\n\tat org.testng.internal.MethodInvocationHelper.invokeMethodConsideringTimeout(MethodInvocationHelper.java:61)\r\n\tat org.testng.internal.ConfigInvoker.invokeConfigurationMethod(ConfigInvoker.java:366)\r\n\tat org.testng.internal.ConfigInvoker.invokeConfigurations(ConfigInvoker.java:320)\r\n\tat org.testng.internal.TestInvoker.runConfigMethods(TestInvoker.java:701)\r\n\tat org.testng.internal.TestInvoker.runAfterGroupsConfigurations(TestInvoker.java:677)\r\n\tat org.testng.internal.TestInvoker.invokeMethod(TestInvoker.java:661)\r\n\tat org.testng.internal.TestInvoker.invokeTestMethod(TestInvoker.java:174)\r\n\tat org.testng.internal.MethodRunner.runInSequence(MethodRunner.java:46)\r\n\tat org.testng.internal.TestInvoker$MethodInvocationAgent.invoke(TestInvoker.java:822)\r\n\tat org.testng.internal.TestInvoker.invokeTestMethods(TestInvoker.java:147)\r\n\tat org.testng.internal.TestMethodWorker.invokeTestMethods(TestMethodWorker.java:146)\r\n\tat org.testng.internal.TestMethodWorker.run(TestMethodWorker.java:128)\r\n\tat java.base/java.util.concurrent.ThreadPoolExecutor.runWorker(ThreadPoolExecutor.java:1136)\r\n\tat java.base/java.util.concurrent.ThreadPoolExecutor$Worker.run(ThreadPoolExecutor.java:635)\r\n\tat java.base/java.lang.Thread.run(Thread.java:833)\r\nCaused by: java.util.concurrent.ExecutionException: org.openqa.selenium.TimeoutException: Process timed out after waiting for 20000 ms.\nBuild info: version: '4.1.1', revision: 'e8fcc2cecf'\nSystem info: host: 'DESKTOP-GUB8OI3', ip: '192.168.1.139', os.name: 'Windows 10', os.arch: 'amd64', os.version: '10.0', java.version: '17.0.1'\nDriver info: driver.version: unknown\r\n\tat java.base/java.util.concurrent.CompletableFuture.reportGet(CompletableFuture.java:396)\r\n\tat java.base/java.util.concurrent.CompletableFuture.get(CompletableFuture.java:2096)\r\n\tat org.openqa.selenium.remote.service.DriverCommandExecutor.execute(DriverCommandExecutor.java:128)\r\n\t... 26 more\r\nCaused by: org.openqa.selenium.TimeoutException: Process timed out after waiting for 20000 ms.\nBuild info: version: '4.1.1', revision: 'e8fcc2cecf'\nSystem info: host: 'DESKTOP-GUB8OI3', ip: '192.168.1.139', os.name: 'Windows 10', os.arch: 'amd64', os.version: '10.0', java.version: '17.0.1'\nDriver info: driver.version: unknown\r\n\tat org.openqa.selenium.os.OsProcess.waitFor(OsProcess.java:174)\r\n\tat org.openqa.selenium.os.CommandLine.waitFor(CommandLine.java:127)\r\n\tat org.openqa.selenium.remote.service.DriverCommandExecutor.lambda$execute$2(DriverCommandExecutor.java:122)\r\n\tat java.base/java.util.concurrent.CompletableFuture$AsyncSupply.run(CompletableFuture.java:1768)\r\n\t... 3 more\r\n"},"stage":"finished","description":"","steps":[],"attachments":[],"parameters":[],"start":1646906712436,"stop":1646906877295}],"start":1646906712424,"stop":1646906877295}